[01m[K/home/test3/software2-20niship/0704/catkin_ws/src/beginner_tutorials/src/talker.cpp:[m[K In function â€˜[01m[Kint main(int, char**)[m[Kâ€™:
[01m[K/home/test3/software2-20niship/0704/catkin_ws/src/beginner_tutorials/src/talker.cpp:9:37:[m[K [01;31m[Kerror: [m[Kâ€˜[01m[KtestMsg[m[Kâ€™ is not a member of â€˜[01m[Kbeginner_tutorials[m[Kâ€™
    9 |     n.advertise<beginner_tutorials::[01;31m[KtestMsg[m[K>("chatter", 1000);
      |                                     [01;31m[K^~~~~~~[m[K
[01m[K/home/test3/software2-20niship/0704/catkin_ws/src/beginner_tutorials/src/talker.cpp:9:45:[m[K [01;31m[Kerror: [m[Kno matching function for call to â€˜[01m[Kros::NodeHandle::advertise<<expression error> >(const char [8], int)[m[Kâ€™
    9 |     [01;31m[Kn.advertise<beginner_tutorials::testMsg>("chatter", 1000)[m[K;
      |     [01;31m[K~~~~~~~~~~~~~~~~~~~~~~~~~~~~~~~~~~~~~~~~^~~~~~~~~~~~~~~~~[m[K
In file included from [01m[K/opt/ros/melodic/include/ros/ros.h:45[m[K,
                 from [01m[K/home/test3/software2-20niship/0704/catkin_ws/src/beginner_tutorials/src/talker.cpp:1[m[K:
[01m[K/opt/ros/melodic/include/ros/node_handle.h:249:15:[m[K [01;36m[Knote: [m[Kcandidate: â€˜[01m[Ktemplate<class M> ros::Publisher ros::NodeHandle::advertise(const string&, uint32_t, bool)[m[Kâ€™
  249 |     Publisher [01;36m[Kadvertise[m[K(const std::string& topic, uint32_t queue_size, bool latch = false)
      |               [01;36m[K^~~~~~~~~[m[K
[01m[K/opt/ros/melodic/include/ros/node_handle.h:249:15:[m[K [01;36m[Knote: [m[K  template argument deduction/substitution failed:
[01m[K/home/test3/software2-20niship/0704/catkin_ws/src/beginner_tutorials/src/talker.cpp:9:45:[m[K [01;31m[Kerror: [m[Ktemplate argument 1 is invalid
    9 |     [01;31m[Kn.advertise<beginner_tutorials::testMsg>("chatter", 1000)[m[K;
      |     [01;31m[K~~~~~~~~~~~~~~~~~~~~~~~~~~~~~~~~~~~~~~~~^~~~~~~~~~~~~~~~~[m[K
In file included from [01m[K/opt/ros/melodic/include/ros/ros.h:45[m[K,
                 from [01m[K/home/test3/software2-20niship/0704/catkin_ws/src/beginner_tutorials/src/talker.cpp:1[m[K:
[01m[K/opt/ros/melodic/include/ros/node_handle.h:315:13:[m[K [01;36m[Knote: [m[Kcandidate: â€˜[01m[Ktemplate<class M> ros::Publisher ros::NodeHandle::advertise(const string&, uint32_t, const SubscriberStatusCallback&, const SubscriberStatusCallback&, const VoidConstPtr&, bool)[m[Kâ€™
  315 |   Publisher [01;36m[Kadvertise[m[K(const std::string& topic, uint32_t queue_size,
      |             [01;36m[K^~~~~~~~~[m[K
[01m[K/opt/ros/melodic/include/ros/node_handle.h:315:13:[m[K [01;36m[Knote: [m[K  template argument deduction/substitution failed:
[01m[K/home/test3/software2-20niship/0704/catkin_ws/src/beginner_tutorials/src/talker.cpp:9:45:[m[K [01;31m[Kerror: [m[Ktemplate argument 1 is invalid
    9 |     [01;31m[Kn.advertise<beginner_tutorials::testMsg>("chatter", 1000)[m[K;
      |     [01;31m[K~~~~~~~~~~~~~~~~~~~~~~~~~~~~~~~~~~~~~~~~^~~~~~~~~~~~~~~~~[m[K
[01m[K/home/test3/software2-20niship/0704/catkin_ws/src/beginner_tutorials/src/talker.cpp:16:25:[m[K [01;31m[Kerror: [m[Kâ€˜[01m[KtestMsg[m[Kâ€™ is not a member of â€˜[01m[Kbeginner_tutorials[m[Kâ€™
   16 |     beginner_tutorials::[01;31m[KtestMsg[m[K msg;
      |                         [01;31m[K^~~~~~~[m[K
[01m[K/home/test3/software2-20niship/0704/catkin_ws/src/beginner_tutorials/src/talker.cpp:18:5:[m[K [01;31m[Kerror: [m[Kâ€˜[01m[Kmsg[m[Kâ€™ was not declared in this scope
   18 |     [01;31m[Kmsg[m[K.name = "This is new message!";
      |     [01;31m[K^~~[m[K
make[2]: *** [CMakeFiles/talker.dir/src/talker.cpp.o] Error 1
make[1]: *** [CMakeFiles/talker.dir/all] Error 2
make: *** [all] Error 2
